<?xml version="1.0" encoding="UTF-8"?>
<!-- Generated by org.testng.reporters.JUnitReportReporter -->
<testsuite hostname="JOYSTON" failures="0" tests="1" name="com.scm.procure.ManufacturerModule.Manufacturer_Add_products_by_KG_and_enable_stockTest" time="7.321" errors="0" timestamp="2023-11-30T15:28:16 IST" skipped="0">
  <testcase classname="com.scm.procure.ManufacturerModule.Manufacturer_Add_products_by_KG_and_enable_stockTest" name="ManufacturerAddProductsByKGAndEnableStockTest" time="7.321"/>
  <system-out>
    <![CDATA[ManufacturerAddProductsByKGAndEnableStockTest---TestScript execution starts from here---
ManufacturerAddProductsByKGAndEnableStockTest---TestScript executed successfully---]]>
  </system-out>
</testsuite> <!-- com.scm.procure.ManufacturerModule.Manufacturer_Add_products_by_KG_and_enable_stockTest -->
