<?xml version="1.0" encoding="UTF-8"?>
<!-- Generated by org.testng.reporters.JUnitReportReporter -->
<testsuite hostname="JOYSTON" failures="0" tests="1" name="com.scm.procure.AdminModule.Add_Retailer_with_mandatory_fieldsTest" time="5.680" errors="0" timestamp="2023-11-30T13:37:04 IST" skipped="0">
  <testcase classname="com.scm.procure.AdminModule.Add_Retailer_with_mandatory_fieldsTest" name="AddRetailerwithmandatoryfieldsTest" time="5.680"/>
  <system-out>
    <![CDATA[AddRetailerwithmandatoryfieldsTest---TestScript execution starts from here---
AddRetailerwithmandatoryfieldsTest---TestScript executed successfully---]]>
  </system-out>
</testsuite> <!-- com.scm.procure.AdminModule.Add_Retailer_with_mandatory_fieldsTest -->
