<?xml version="1.0" encoding="UTF-8"?>
<!-- Generated by org.testng.reporters.JUnitReportReporter -->
<testsuite hostname="JOYSTON" failures="0" tests="1" name="com.scm.procure.AdminModule.fgTest" time="0.010" errors="0" timestamp="2023-11-30T13:36:29 IST" skipped="0">
  <testcase classname="com.scm.procure.AdminModule.fgTest" name="name" time="0.010"/>
  <system-out/>
</testsuite> <!-- com.scm.procure.AdminModule.fgTest -->
