<?xml version="1.0" encoding="UTF-8"?>
<!-- Generated by org.testng.reporters.JUnitReportReporter -->
<testsuite hostname="JOYSTON" failures="0" tests="1" name="com.scm.procure.RetailerModule.Add_Retailer_and_post_order_from_retailer_and_search_by_dateTest" time="18.721" errors="0" timestamp="2023-11-30T13:45:25 IST" skipped="0">
  <testcase classname="com.scm.procure.RetailerModule.Add_Retailer_and_post_order_from_retailer_and_search_by_dateTest" name="AddRetailerAndPostOrderFromRetailerAndSearchByDateTest" time="18.721"/>
  <system-out/>
</testsuite> <!-- com.scm.procure.RetailerModule.Add_Retailer_and_post_order_from_retailer_and_search_by_dateTest -->
