<?xml version="1.0" encoding="UTF-8"?>
<!-- Generated by org.testng.reporters.JUnitReportReporter -->
<testsuite hostname="JOYSTON" failures="0" tests="1" name="com.scm.procure.AdminModule.Search_the_invoice_by_Invoice_idTest" time="2.051" errors="0" timestamp="2023-11-30T13:42:35 IST" skipped="0">
  <testcase classname="com.scm.procure.AdminModule.Search_the_invoice_by_Invoice_idTest" name="SearchtheinvoicebyInvoiceidTest" time="2.051"/>
  <system-out/>
</testsuite> <!-- com.scm.procure.AdminModule.Search_the_invoice_by_Invoice_idTest -->
