<?xml version="1.0" encoding="UTF-8"?>
<!-- Generated by org.testng.reporters.JUnitReportReporter -->
<testsuite hostname="JOYSTON" failures="0" tests="1" name="com.scm.procure.AdminModule.Edit_Manfacturer_From_AdminTest" time="2.560" errors="0" timestamp="2023-11-30T13:41:46 IST" skipped="0">
  <testcase classname="com.scm.procure.AdminModule.Edit_Manfacturer_From_AdminTest" name="EditManfacturerFromAdminTest" time="2.560"/>
  <system-out/>
</testsuite> <!-- com.scm.procure.AdminModule.Edit_Manfacturer_From_AdminTest -->
